  ADDR B1 B2 B3 B4 D:\second\KProg Labs\1lab\3lab.asm               PAGE       1

                    org $7000
  7000 FF 80 40     stx $8040
  7003 C6 00        ldab #0

  7005 78 80 40     lsl $8040      #1
  7008 C9 00        adcb #0

  700A 78 80 40     lsl $8040      #2
  700D C9 00        adcb #0

  700F 78 80 40     lsl $8040      #3
  7012 C9 00        adcb #0

  7014 78 80 40     lsl $8040      #4
  7017 C9 00        adcb #0

  7019 78 80 40     lsl $8040      #5
  701C C9 00        adcb #0

  701E 78 80 40     lsl $8040      #6
  7021 C9 00        adcb #0

  7023 78 80 40     lsl $8040      #7
  7026 C9 00        adcb #0

  7028 78 80 40     lsl $8040      #8
  702B C9 00        adcb #0

  702D 78 80 41     lsl $8041      #1
  7030 C9 00        adcb #0

  7032 78 80 41     lsl $8041      #2
  7035 C9 00        adcb #0

  7037 78 80 41     lsl $8041      #3
  703A C9 00        adcb #0

  703C 78 80 41     lsl $8041      #4
  703F C9 00        adcb #0

  7041 78 80 41     lsl $8041      #5
  7044 C9 00        adcb #0

  7046 78 80 41     lsl $8041      #6
  7049 C9 00        adcb #0

  704B 78 80 41     lsl $8041      #7
  704E C9 00        adcb #0

  7050 78 80 41     lsl $8041      #8
  7053 C9 00        adcb #0


